<?xml version="1.0" encoding="UTF-8"?>
<!-- Generated by org.testng.reporters.JUnitXMLReporter -->
<testsuite hostname="LP-5CD7490BPC" ignored="0" name="DepenTest" tests="3" failures="0" timestamp="2019-11-23T17:22:30 IST" time="0.08" errors="0">
  <testcase name="registrationTest" time="0.009" classname="TestNGUtils.DependentMethods"/>
  <testcase name="logInTest" time="0.003" classname="TestNGUtils.DependentMethods"/>
  <testcase name="homePage" time="0.001" classname="TestNGUtils.DependentMethods"/>
</testsuite> <!-- DepenTest -->
