<?xml version="1.0" encoding="UTF-8"?>
<!-- Generated by org.testng.reporters.JUnitXMLReporter -->
<testsuite hostname="LP-5CD7490BPC" ignored="0" name="ParallelTestClassesExecuton" tests="6" failures="0" timestamp="2019-11-28T22:08:54 IST" time="0.089" errors="0">
  <testcase name="testMethodOne" time="0.009" classname="ParallelExecution.TestClassOne"/>
  <testcase name="testMethodOne" time="0.008" classname="ParallelExecution.TestClassTwo"/>
  <testcase name="testMethodTwo" time="0.0" classname="ParallelExecution.TestClassOne"/>
  <testcase name="testMethodTwo" time="0.003" classname="ParallelExecution.TestClassTwo"/>
  <testcase name="testMethodOne" time="0.001" classname="ParallelExecution.TestClassThree"/>
  <testcase name="testMethodTwo" time="0.0" classname="ParallelExecution.TestClassThree"/>
</testsuite> <!-- ParallelTestClassesExecuton -->
