<?xml version="1.0" encoding="UTF-8"?>
<testng-results skipped="0" failed="0" ignored="0" total="2" passed="2">
  <reporter-output>
  </reporter-output>
  <suite name="Suite" duration-ms="189" started-at="2020-01-20T11:40:44 IST" finished-at="2020-01-20T11:40:44 IST">
    <groups>
    </groups>
    <test name="Test001" duration-ms="33" started-at="2020-01-20T11:40:44 IST" finished-at="2020-01-20T11:40:44 IST">
      <class name="AnnotationTest.Test001">
        <test-method status="PASS" signature="beforeClass001()[pri:0, instance:AnnotationTest.Test001@dd3b207]" name="beforeClass001" is-config="true" duration-ms="0" started-at="2020-01-20T11:40:44 IST" finished-at="2020-01-20T11:40:44 IST">
          <reporter-output>
          </reporter-output>
        </test-method> <!-- beforeClass001 -->
        <test-method status="PASS" signature="beforeTest001()[pri:0, instance:AnnotationTest.Test001@dd3b207]" name="beforeTest001" is-config="true" duration-ms="0" started-at="2020-01-20T11:40:44 IST" finished-at="2020-01-20T11:40:44 IST">
          <reporter-output>
          </reporter-output>
        </test-method> <!-- beforeTest001 -->
        <test-method status="PASS" signature="testMethod001()[pri:0, instance:AnnotationTest.Test001@dd3b207]" name="testMethod001" duration-ms="16" started-at="2020-01-20T11:40:44 IST" finished-at="2020-01-20T11:40:44 IST">
          <reporter-output>
          </reporter-output>
        </test-method> <!-- testMethod001 -->
        <test-method status="PASS" signature="beforeMethod001()[pri:0, instance:AnnotationTest.Test001@dd3b207]" name="beforeMethod001" is-config="true" duration-ms="0" started-at="2020-01-20T11:40:44 IST" finished-at="2020-01-20T11:40:44 IST">
          <reporter-output>
          </reporter-output>
        </test-method> <!-- beforeMethod001 -->
      </class> <!-- AnnotationTest.Test001 -->
    </test> <!-- Test001 -->
    <test name="Test002" duration-ms="16" started-at="2020-01-20T11:40:44 IST" finished-at="2020-01-20T11:40:44 IST">
      <class name="AnnotationTest.Test001">
        <test-method status="PASS" signature="beforeSuite001()[pri:0, instance:AnnotationTest.Test001@dd3b207]" name="beforeSuite001" is-config="true" duration-ms="15" started-at="2020-01-20T11:40:44 IST" finished-at="2020-01-20T11:40:44 IST">
          <reporter-output>
          </reporter-output>
        </test-method> <!-- beforeSuite001 -->
      </class> <!-- AnnotationTest.Test001 -->
      <class name="AnnotationTest.Test002">
        <test-method status="PASS" signature="beforeSuite002()[pri:0, instance:AnnotationTest.Test002@491666ad]" name="beforeSuite002" is-config="true" duration-ms="5" started-at="2020-01-20T11:40:44 IST" finished-at="2020-01-20T11:40:44 IST">
          <reporter-output>
          </reporter-output>
        </test-method> <!-- beforeSuite002 -->
        <test-method status="PASS" signature="beforeTest002()[pri:0, instance:AnnotationTest.Test002@491666ad]" name="beforeTest002" is-config="true" duration-ms="0" started-at="2020-01-20T11:40:44 IST" finished-at="2020-01-20T11:40:44 IST">
          <reporter-output>
          </reporter-output>
        </test-method> <!-- beforeTest002 -->
        <test-method status="PASS" signature="testMethod002()[pri:0, instance:AnnotationTest.Test002@491666ad]" name="testMethod002" duration-ms="0" started-at="2020-01-20T11:40:44 IST" finished-at="2020-01-20T11:40:44 IST">
          <reporter-output>
          </reporter-output>
        </test-method> <!-- testMethod002 -->
        <test-method status="PASS" signature="beforeClass002()[pri:0, instance:AnnotationTest.Test002@491666ad]" name="beforeClass002" is-config="true" duration-ms="0" started-at="2020-01-20T11:40:44 IST" finished-at="2020-01-20T11:40:44 IST">
          <reporter-output>
          </reporter-output>
        </test-method> <!-- beforeClass002 -->
        <test-method status="PASS" signature="beforeMethod002()[pri:0, instance:AnnotationTest.Test002@491666ad]" name="beforeMethod002" is-config="true" duration-ms="0" started-at="2020-01-20T11:40:44 IST" finished-at="2020-01-20T11:40:44 IST">
          <reporter-output>
          </reporter-output>
        </test-method> <!-- beforeMethod002 -->
      </class> <!-- AnnotationTest.Test002 -->
    </test> <!-- Test002 -->
  </suite> <!-- Suite -->
</testng-results>
