<?xml version="1.0" encoding="UTF-8"?>
<!-- Generated by org.testng.reporters.JUnitXMLReporter -->
<testsuite hostname="LP-5CD7490BPC" ignored="0" name="ParallelTestMethodsExecuton" tests="2" failures="0" timestamp="2019-11-28T21:58:24 IST" time="0.229" errors="0">
  <testcase name="testMethodsTwo" time="0.017" classname="ParallelExecution.ParallelMethodsExecution"/>
  <testcase name="testMethodsOne" time="0.015" classname="ParallelExecution.ParallelMethodsExecution"/>
</testsuite> <!-- ParallelTestMethodsExecuton -->
