<?xml version="1.0" encoding="UTF-8"?>
<!-- Generated by org.testng.reporters.JUnitXMLReporter -->
<testsuite hostname="LP-5CD7490BPC" ignored="0" name="Independent test" tests="6" failures="0" timestamp="2019-11-29T13:18:27 IST" time="0.223" errors="0">
  <testcase name="testMethod" time="0.046" classname="ParallelExecution.MultipleThreadTest"/>
  <testcase name="testMethod" time="0.046" classname="ParallelExecution.MultipleThreadTest"/>
  <testcase name="testMethod" time="0.046" classname="ParallelExecution.MultipleThreadTest"/>
  <testcase name="testMethod" time="0.004" classname="ParallelExecution.MultipleThreadTest"/>
  <testcase name="testMethod" time="0.002" classname="ParallelExecution.MultipleThreadTest"/>
  <testcase name="testMethod" time="0.006" classname="ParallelExecution.MultipleThreadTest"/>
</testsuite> <!-- Independent test -->
