<?xml version="1.0" encoding="UTF-8"?>
<!-- Generated by org.testng.reporters.JUnitXMLReporter -->
<testsuite hostname="LP-5CD7490BPC" ignored="0" name="Dependent test examples" tests="4" failures="0" timestamp="2019-11-29T13:41:24 IST" time="0.076" errors="0">
  <testcase name="testFour" time="0.017" classname="AnnotationTest.DependentTestExamples"/>
  <testcase name="testTwo" time="0.002" classname="AnnotationTest.ParentClassTest"/>
  <testcase name="testOne" time="0.004" classname="AnnotationTest.ParentClassTest"/>
  <testcase name="testThree" time="0.004" classname="AnnotationTest.DependentTestExamples"/>
</testsuite> <!-- Dependent test examples -->
