<?xml version="1.0" encoding="UTF-8"?>
<!-- Generated by org.testng.reporters.JUnitXMLReporter -->
<testsuite hostname="LP-5CD7490BPC" ignored="2" name="Group G2 Test" tests="1" failures="0" timestamp="2019-11-28T13:12:01 IST" time="0.014" errors="0">
  <testcase name="G1Method3" time="0.002" classname="AnnotationTest.GroupClassA"/>
  <testcase name="G1Method1" time="0.0" classname="AnnotationTest.GroupClassA">
    <ignored/>
  </testcase> <!-- G1Method1 -->
  <testcase name="G1Method2" time="0.0" classname="AnnotationTest.GroupClassA">
    <ignored/>
  </testcase> <!-- G1Method2 -->
</testsuite> <!-- Group G2 Test -->
