<?xml version="1.0" encoding="UTF-8"?>
<!-- Generated by org.testng.reporters.JUnitXMLReporter -->
<testsuite hostname="LP-5CD7490BPC" ignored="0" name="Listener Test" tests="4" failures="1" timestamp="2020-01-02T17:18:00 IST" time="0.133" errors="0">
  <testcase name="test001" time="0.023" classname="TestNG_ListenerTest.ListenerTest1"/>
  <testcase name="test003" time="0.004" classname="TestNG_ListenerTest.ListenerTest1">
    <failure type="java.lang.AssertionError" message="null">
      <![CDATA[java.lang.AssertionError: null
at TestNG_ListenerTest.ListenerTest1.test003(ListenerTest1.java:25)
at java.util.ArrayList.forEach(ArrayList.java:1257)
... Removed 29 stack frames]]>
    </failure>
  </testcase> <!-- test003 -->
  <testcase name="test004" time="0.004" classname="TestNG_ListenerTest.ListenerTest1"/>
  <testcase name="test002" time="0.0" classname="TestNG_ListenerTest.ListenerTest1">
    <skipped/>
  </testcase> <!-- test002 -->
</testsuite> <!-- Listener Test -->
