<?xml version="1.0" encoding="UTF-8"?>
<!-- Generated by org.testng.reporters.JUnitXMLReporter -->
<testsuite hostname="LP-5CD7490BPC" ignored="0" name="Test" tests="3" failures="0" timestamp="2019-11-28T13:08:31 IST" time="0.078" errors="0">
  <testcase name="G1Method1" time="0.014" classname="AnnotationTest.GroupClassA"/>
  <testcase name="G1Method2" time="0.0" classname="AnnotationTest.GroupClassA"/>
  <testcase name="G1Method3" time="0.004" classname="AnnotationTest.GroupClassA"/>
</testsuite> <!-- Test -->
